{
  "stats": {
    "suites": 1,
    "tests": 2,
    "passes": 2,
    "pending": 0,
    "failures": 0,
    "start": "2023-09-27T03:48:24.211Z",
    "end": "2023-09-27T03:48:25.670Z",
    "duration": 1459,
    "testsRegistered": 2,
    "passPercent": 100,
    "pendingPercent": 0,
    "other": 0,
    "hasOther": false,
    "skipped": 0,
    "hasSkipped": false
  },
  "results": [
    {
      "uuid": "bf267389-a81b-4673-8aa7-a3aa48945c09",
      "title": "",
      "fullFile": "C:\\Users\\nicos\\OneDrive\\Dokumen\\Nicolaskitmen\\GIT\\testJavaScriptAPI\\test\\api\\chaiAssert.js",
      "file": "\\test\\api\\chaiAssert.js",
      "beforeHooks": [],
      "afterHooks": [],
      "tests": [],
      "suites": [
        {
          "uuid": "02b58936-b27d-46a3-bdf8-e7918f74c299",
          "title": "Post Request Example",
          "fullFile": "C:\\Users\\nicos\\OneDrive\\Dokumen\\Nicolaskitmen\\GIT\\testJavaScriptAPI\\test\\api\\chaiAssert.js",
          "file": "\\test\\api\\chaiAssert.js",
          "beforeHooks": [],
          "afterHooks": [],
          "tests": [
            {
              "title": "response status equal to 200",
              "fullTitle": "Post Request Example response status equal to 200",
              "timedOut": false,
              "duration": 1452,
              "state": "passed",
              "speed": "slow",
              "pass": true,
              "fail": false,
              "pending": false,
              "context": null,
              "code": "//Check response status harus sama dengan 200\nexpect((await response).status).to.equal(200)",
              "err": {},
              "uuid": "2a0c99c3-e811-43b3-9504-73f7274d9211",
              "parentUUID": "02b58936-b27d-46a3-bdf8-e7918f74c299",
              "isHook": false,
              "skipped": false
            },
            {
              "title": "response body to haveOwnProperty",
              "fullTitle": "Post Request Example response body to haveOwnProperty",
              "timedOut": false,
              "duration": 1,
              "state": "passed",
              "speed": "fast",
              "pass": true,
              "fail": false,
              "pending": false,
              "context": null,
              "code": "//Export dalam body response terdapat value 'message\nexpect((await response).body).to.haveOwnProperty('message')",
              "err": {},
              "uuid": "add2064a-e58f-4698-8267-6f3ff91722f8",
              "parentUUID": "02b58936-b27d-46a3-bdf8-e7918f74c299",
              "isHook": false,
              "skipped": false
            }
          ],
          "suites": [],
          "passes": [
            "2a0c99c3-e811-43b3-9504-73f7274d9211",
            "add2064a-e58f-4698-8267-6f3ff91722f8"
          ],
          "failures": [],
          "pending": [],
          "skipped": [],
          "duration": 1453,
          "root": false,
          "rootEmpty": false,
          "_timeout": 2000
        }
      ],
      "passes": [],
      "failures": [],
      "pending": [],
      "skipped": [],
      "duration": 0,
      "root": true,
      "rootEmpty": true,
      "_timeout": 2000
    }
  ],
  "meta": {
    "mocha": {
      "version": "10.2.0"
    },
    "mochawesome": {
      "options": {
        "quiet": false,
        "reportFilename": "mochawesome",
        "saveHtml": true,
        "saveJson": true,
        "consoleReporter": "spec",
        "useInlineDiffs": false,
        "code": true
      },
      "version": "7.1.3"
    },
    "marge": {
      "options": null,
      "version": "6.2.0"
    }
  }
}